<?xml version="1.0" encoding="UTF-8"?>
<!-- Generated by org.testng.reporters.JUnitXMLReporter -->
<testsuite ignored="1" hostname="SakshiBhavsar" failures="1" tests="1" name="Default test(failed)" time="11.859" errors="0" timestamp="2023-05-09T17:20:19 IST">
  <testcase classname="testScripts.Googletestpage" name="seleniumSearchTest" time="6.639">
    <failure type="java.lang.AssertionError" message="expected [Selenium Tutorial - Google Search page] but found [Selenium Tutorial - Google Search]">
      <![CDATA[java.lang.AssertionError: expected [Selenium Tutorial - Google Search page] but found [Selenium Tutorial - Google Search]
at testScripts.Googletestpage.seleniumSearchTest(Googletestpage.java:48)
at java.base/java.util.ArrayList.forEach(ArrayList.java:1511)
... Removed 33 stack frames]]>
    </failure>
  </testcase> <!-- seleniumSearchTest -->
  <testcase classname="testScripts.Googletestpage" name="javaSearchTest" time="0.0">
    <ignored/>
  </testcase> <!-- javaSearchTest -->
</testsuite> <!-- Default test(failed) -->
